  Ballbot.cpp
  Ball_Carry.cpp
  Brick.cpp
  Drap.cpp
  Eyelet.cpp
  GX_680.cpp
  GX_680S.cpp
  LaserGuard.cpp
  Stuka.cpp
  Map.cpp
  PlayScene.cpp
C:\Users\PC\Desktop\NAMGAME\Game-Blaster-Master\Super_Mario_Bros3\Game.h(91,10): warning C4244: 'return': conversion from 'float' to 'int', possible loss of data
C:\Users\PC\Desktop\NAMGAME\Game-Blaster-Master\Super_Mario_Bros3\Game.h(95,10): warning C4244: 'return': conversion from 'float' to 'int', possible loss of data
C:\Users\PC\Desktop\NAMGAME\Game-Blaster-Master\Super_Mario_Bros3\Ballbot.h(18,1): warning C4005: 'BALLCARRY_ANI_DIE': macro redefinition
C:\Users\PC\Desktop\NAMGAME\Game-Blaster-Master\Super_Mario_Bros3\Ball_Carry.h(20): message : see previous definition of 'BALLCARRY_ANI_DIE'
C:\Users\PC\Desktop\NAMGAME\Game-Blaster-Master\Super_Mario_Bros3\PlayScene.h(56,1): warning C4267: 'return': conversion from 'size_t' to 'int', possible loss of data
C:\Users\PC\Desktop\NAMGAME\Game-Blaster-Master\Super_Mario_Bros3\PlayScene.cpp(211,10): warning C4244: 'initializing': conversion from 'double' to 'float', possible loss of data
C:\Users\PC\Desktop\NAMGAME\Game-Blaster-Master\Super_Mario_Bros3\PlayScene.cpp(212,10): warning C4244: 'initializing': conversion from 'double' to 'float', possible loss of data
C:\Users\PC\Desktop\NAMGAME\Game-Blaster-Master\Super_Mario_Bros3\PlayScene.cpp(244,14): warning C4244: 'initializing': conversion from 'double' to 'float', possible loss of data
C:\Users\PC\Desktop\NAMGAME\Game-Blaster-Master\Super_Mario_Bros3\PlayScene.cpp(245,18): warning C4244: 'argument': conversion from 'float' to 'int', possible loss of data
C:\Users\PC\Desktop\NAMGAME\Game-Blaster-Master\Super_Mario_Bros3\PlayScene.cpp(250,11): warning C4244: 'initializing': conversion from 'double' to 'float', possible loss of data
C:\Users\PC\Desktop\NAMGAME\Game-Blaster-Master\Super_Mario_Bros3\PlayScene.cpp(251,11): warning C4244: 'initializing': conversion from 'double' to 'float', possible loss of data
  Portal.cpp
C:\Users\PC\Desktop\NAMGAME\Game-Blaster-Master\Super_Mario_Bros3\Portal.cpp(9,16): warning C4244: '=': conversion from 'float' to 'int', possible loss of data
C:\Users\PC\Desktop\NAMGAME\Game-Blaster-Master\Super_Mario_Bros3\Portal.cpp(10,17): warning C4244: '=': conversion from 'float' to 'int', possible loss of data
  QuadTree.cpp
C:\Users\PC\Desktop\NAMGAME\Game-Blaster-Master\Super_Mario_Bros3\Game.h(91,10): warning C4244: 'return': conversion from 'float' to 'int', possible loss of data
C:\Users\PC\Desktop\NAMGAME\Game-Blaster-Master\Super_Mario_Bros3\Game.h(95,10): warning C4244: 'return': conversion from 'float' to 'int', possible loss of data
C:\Users\PC\Desktop\NAMGAME\Game-Blaster-Master\Super_Mario_Bros3\Ballbot.h(18,1): warning C4005: 'BALLCARRY_ANI_DIE': macro redefinition
C:\Users\PC\Desktop\NAMGAME\Game-Blaster-Master\Super_Mario_Bros3\Ball_Carry.h(20): message : see previous definition of 'BALLCARRY_ANI_DIE'
C:\Users\PC\Desktop\NAMGAME\Game-Blaster-Master\Super_Mario_Bros3\PlayScene.h(56,1): warning C4267: 'return': conversion from 'size_t' to 'int', possible loss of data
C:\Users\PC\Desktop\NAMGAME\Game-Blaster-Master\Super_Mario_Bros3\QuadTree.cpp(61,29): warning C4267: 'initializing': conversion from 'size_t' to 'int', possible loss of data
C:\Users\PC\Desktop\NAMGAME\Game-Blaster-Master\Super_Mario_Bros3\QuadTree.cpp(79,18): warning C4244: '=': conversion from 'int' to 'float', possible loss of data
C:\Users\PC\Desktop\NAMGAME\Game-Blaster-Master\Super_Mario_Bros3\QuadTree.cpp(80,19): warning C4244: '=': conversion from 'int' to 'float', possible loss of data
C:\Users\PC\Desktop\NAMGAME\Game-Blaster-Master\Super_Mario_Bros3\QuadTree.cpp(218,136): warning C4244: 'argument': conversion from 'int' to 'float', possible loss of data
C:\Users\PC\Desktop\NAMGAME\Game-Blaster-Master\Super_Mario_Bros3\QuadTree.cpp(218,95): warning C4244: 'argument': conversion from 'int' to 'float', possible loss of data
C:\Users\PC\Desktop\NAMGAME\Game-Blaster-Master\Super_Mario_Bros3\QuadTree.cpp(218,53): warning C4244: 'argument': conversion from 'int' to 'float', possible loss of data
C:\Users\PC\Desktop\NAMGAME\Game-Blaster-Master\Super_Mario_Bros3\QuadTree.cpp(218,47): warning C4244: 'argument': conversion from 'int' to 'float', possible loss of data
C:\Users\PC\Desktop\NAMGAME\Game-Blaster-Master\Super_Mario_Bros3\QuadTree.cpp(223,116): warning C4244: 'argument': conversion from 'int' to 'float', possible loss of data
C:\Users\PC\Desktop\NAMGAME\Game-Blaster-Master\Super_Mario_Bros3\QuadTree.cpp(223,75): warning C4244: 'argument': conversion from 'int' to 'float', possible loss of data
C:\Users\PC\Desktop\NAMGAME\Game-Blaster-Master\Super_Mario_Bros3\QuadTree.cpp(223,33): warning C4244: 'argument': conversion from 'int' to 'float', possible loss of data
C:\Users\PC\Desktop\NAMGAME\Game-Blaster-Master\Super_Mario_Bros3\QuadTree.cpp(223,27): warning C4244: 'argument': conversion from 'int' to 'float', possible loss of data
  Scene.cpp
  Tank.cpp
C:\Users\PC\Desktop\NAMGAME\Game-Blaster-Master\Super_Mario_Bros3\Game.h(91,10): warning C4244: 'return': conversion from 'float' to 'int', possible loss of data
C:\Users\PC\Desktop\NAMGAME\Game-Blaster-Master\Super_Mario_Bros3\Game.h(95,10): warning C4244: 'return': conversion from 'float' to 'int', possible loss of data
C:\Users\PC\Desktop\NAMGAME\Game-Blaster-Master\Super_Mario_Bros3\Ballbot.h(18,1): warning C4005: 'BALLCARRY_ANI_DIE': macro redefinition
C:\Users\PC\Desktop\NAMGAME\Game-Blaster-Master\Super_Mario_Bros3\Ball_Carry.h(20): message : see previous definition of 'BALLCARRY_ANI_DIE'
C:\Users\PC\Desktop\NAMGAME\Game-Blaster-Master\Super_Mario_Bros3\PlayScene.h(56,1): warning C4267: 'return': conversion from 'size_t' to 'int', possible loss of data
  Utils.cpp
  Game.cpp
C:\Users\PC\Desktop\NAMGAME\Game-Blaster-Master\Super_Mario_Bros3\Game.h(91,10): warning C4244: 'return': conversion from 'float' to 'int', possible loss of data
C:\Users\PC\Desktop\NAMGAME\Game-Blaster-Master\Super_Mario_Bros3\Game.h(95,10): warning C4244: 'return': conversion from 'float' to 'int', possible loss of data
C:\Users\PC\Desktop\NAMGAME\Game-Blaster-Master\Super_Mario_Bros3\Ballbot.h(18,1): warning C4005: 'BALLCARRY_ANI_DIE': macro redefinition
C:\Users\PC\Desktop\NAMGAME\Game-Blaster-Master\Super_Mario_Bros3\Ball_Carry.h(20): message : see previous definition of 'BALLCARRY_ANI_DIE'
C:\Users\PC\Desktop\NAMGAME\Game-Blaster-Master\Super_Mario_Bros3\PlayScene.h(56,1): warning C4267: 'return': conversion from 'size_t' to 'int', possible loss of data
C:\Users\PC\Desktop\NAMGAME\Game-Blaster-Master\Super_Mario_Bros3\Game.cpp(87,35): error C2065: 'GWL_HINSTANCE': undeclared identifier
  GameObject.cpp
C:\Users\PC\Desktop\NAMGAME\Game-Blaster-Master\Super_Mario_Bros3\Game.h(91,10): warning C4244: 'return': conversion from 'float' to 'int', possible loss of data
C:\Users\PC\Desktop\NAMGAME\Game-Blaster-Master\Super_Mario_Bros3\Game.h(95,10): warning C4244: 'return': conversion from 'float' to 'int', possible loss of data
  main.cpp
C:\Users\PC\Desktop\NAMGAME\Game-Blaster-Master\Super_Mario_Bros3\Game.h(91,10): warning C4244: 'return': conversion from 'float' to 'int', possible loss of data
C:\Users\PC\Desktop\NAMGAME\Game-Blaster-Master\Super_Mario_Bros3\Game.h(95,10): warning C4244: 'return': conversion from 'float' to 'int', possible loss of data
C:\Users\PC\Desktop\NAMGAME\Game-Blaster-Master\Super_Mario_Bros3\Ballbot.h(18,1): warning C4005: 'BALLCARRY_ANI_DIE': macro redefinition
C:\Users\PC\Desktop\NAMGAME\Game-Blaster-Master\Super_Mario_Bros3\Ball_Carry.h(20): message : see previous definition of 'BALLCARRY_ANI_DIE'
C:\Users\PC\Desktop\NAMGAME\Game-Blaster-Master\Super_Mario_Bros3\PlayScene.h(56,1): warning C4267: 'return': conversion from 'size_t' to 'int', possible loss of data
  Tank_Body.cpp
C:\Users\PC\Desktop\NAMGAME\Game-Blaster-Master\Super_Mario_Bros3\Game.h(91,10): warning C4244: 'return': conversion from 'float' to 'int', possible loss of data
C:\Users\PC\Desktop\NAMGAME\Game-Blaster-Master\Super_Mario_Bros3\Game.h(95,10): warning C4244: 'return': conversion from 'float' to 'int', possible loss of data
  Generating Code...
  Compiling...
  Sprites.cpp
C:\Users\PC\Desktop\NAMGAME\Game-Blaster-Master\Super_Mario_Bros3\Game.h(91,10): warning C4244: 'return': conversion from 'float' to 'int', possible loss of data
C:\Users\PC\Desktop\NAMGAME\Game-Blaster-Master\Super_Mario_Bros3\Game.h(95,10): warning C4244: 'return': conversion from 'float' to 'int', possible loss of data
  Animations.cpp
  Textures.cpp
C:\Users\PC\Desktop\NAMGAME\Game-Blaster-Master\Super_Mario_Bros3\Game.h(91,10): warning C4244: 'return': conversion from 'float' to 'int', possible loss of data
C:\Users\PC\Desktop\NAMGAME\Game-Blaster-Master\Super_Mario_Bros3\Game.h(95,10): warning C4244: 'return': conversion from 'float' to 'int', possible loss of data
  Generating Code...
