  CTANKBULLET.cpp
C:\Users\PC\Desktop\git-game\Blaster_Master_Game\Super_Mario_Bros3\Camera.h(13,10): warning C4244: 'return': conversion from 'float' to 'int', possible loss of data
C:\Users\PC\Desktop\git-game\Blaster_Master_Game\Super_Mario_Bros3\Camera.h(17,10): warning C4244: 'return': conversion from 'float' to 'int', possible loss of data
C:\Users\PC\Desktop\git-game\Blaster_Master_Game\Super_Mario_Bros3\Game.h(96,10): warning C4244: 'return': conversion from 'float' to 'int', possible loss of data
C:\Users\PC\Desktop\git-game\Blaster_Master_Game\Super_Mario_Bros3\Game.h(100,10): warning C4244: 'return': conversion from 'float' to 'int', possible loss of data
C:\Users\PC\Desktop\git-game\Blaster_Master_Game\Super_Mario_Bros3\Eye.h(19,1): warning C4005: 'EYE_STATE_WALKING_UP': macro redefinition
C:\Users\PC\Desktop\git-game\Blaster_Master_Game\Super_Mario_Bros3\Eye.h(15): message : see previous definition of 'EYE_STATE_WALKING_UP'
C:\Users\PC\Desktop\git-game\Blaster_Master_Game\Super_Mario_Bros3\CTANKBULLET.cpp(56,28): warning C4244: 'argument': conversion from 'double' to 'float', possible loss of data
  Game.cpp
C:\Users\PC\Desktop\git-game\Blaster_Master_Game\Super_Mario_Bros3\Camera.h(13,10): warning C4244: 'return': conversion from 'float' to 'int', possible loss of data
C:\Users\PC\Desktop\git-game\Blaster_Master_Game\Super_Mario_Bros3\Camera.h(17,10): warning C4244: 'return': conversion from 'float' to 'int', possible loss of data
C:\Users\PC\Desktop\git-game\Blaster_Master_Game\Super_Mario_Bros3\Eye.h(19,1): warning C4005: 'EYE_STATE_WALKING_UP': macro redefinition
C:\Users\PC\Desktop\git-game\Blaster_Master_Game\Super_Mario_Bros3\Eye.h(15): message : see previous definition of 'EYE_STATE_WALKING_UP'
C:\Users\PC\Desktop\git-game\Blaster_Master_Game\Super_Mario_Bros3\Game.h(96,10): warning C4244: 'return': conversion from 'float' to 'int', possible loss of data
C:\Users\PC\Desktop\git-game\Blaster_Master_Game\Super_Mario_Bros3\Game.h(100,10): warning C4244: 'return': conversion from 'float' to 'int', possible loss of data
  GameObject.cpp
C:\Users\PC\Desktop\git-game\Blaster_Master_Game\Super_Mario_Bros3\Camera.h(13,10): warning C4244: 'return': conversion from 'float' to 'int', possible loss of data
C:\Users\PC\Desktop\git-game\Blaster_Master_Game\Super_Mario_Bros3\Camera.h(17,10): warning C4244: 'return': conversion from 'float' to 'int', possible loss of data
C:\Users\PC\Desktop\git-game\Blaster_Master_Game\Super_Mario_Bros3\Eye.h(19,1): warning C4005: 'EYE_STATE_WALKING_UP': macro redefinition
C:\Users\PC\Desktop\git-game\Blaster_Master_Game\Super_Mario_Bros3\Eye.h(15): message : see previous definition of 'EYE_STATE_WALKING_UP'
C:\Users\PC\Desktop\git-game\Blaster_Master_Game\Super_Mario_Bros3\Game.h(96,10): warning C4244: 'return': conversion from 'float' to 'int', possible loss of data
C:\Users\PC\Desktop\git-game\Blaster_Master_Game\Super_Mario_Bros3\Game.h(100,10): warning C4244: 'return': conversion from 'float' to 'int', possible loss of data
  PlayScene.cpp
C:\Users\PC\Desktop\git-game\Blaster_Master_Game\Super_Mario_Bros3\Camera.h(13,10): warning C4244: 'return': conversion from 'float' to 'int', possible loss of data
C:\Users\PC\Desktop\git-game\Blaster_Master_Game\Super_Mario_Bros3\Camera.h(17,10): warning C4244: 'return': conversion from 'float' to 'int', possible loss of data
C:\Users\PC\Desktop\git-game\Blaster_Master_Game\Super_Mario_Bros3\Game.h(96,10): warning C4244: 'return': conversion from 'float' to 'int', possible loss of data
C:\Users\PC\Desktop\git-game\Blaster_Master_Game\Super_Mario_Bros3\Game.h(100,10): warning C4244: 'return': conversion from 'float' to 'int', possible loss of data
C:\Users\PC\Desktop\git-game\Blaster_Master_Game\Super_Mario_Bros3\Eye.h(19,1): warning C4005: 'EYE_STATE_WALKING_UP': macro redefinition
C:\Users\PC\Desktop\git-game\Blaster_Master_Game\Super_Mario_Bros3\Eye.h(15): message : see previous definition of 'EYE_STATE_WALKING_UP'
C:\Users\PC\Desktop\git-game\Blaster_Master_Game\Super_Mario_Bros3\PlayScene.cpp(179,20): warning C4018: '<': signed/unsigned mismatch
C:\Users\PC\Desktop\git-game\Blaster_Master_Game\Super_Mario_Bros3\PlayScene.cpp(201,20): warning C4018: '<': signed/unsigned mismatch
C:\Users\PC\Desktop\git-game\Blaster_Master_Game\Super_Mario_Bros3\PlayScene.cpp(224,10): warning C4244: 'initializing': conversion from 'double' to 'float', possible loss of data
C:\Users\PC\Desktop\git-game\Blaster_Master_Game\Super_Mario_Bros3\PlayScene.cpp(225,10): warning C4244: 'initializing': conversion from 'double' to 'float', possible loss of data
C:\Users\PC\Desktop\git-game\Blaster_Master_Game\Super_Mario_Bros3\PlayScene.cpp(255,14): warning C4244: 'initializing': conversion from 'double' to 'float', possible loss of data
C:\Users\PC\Desktop\git-game\Blaster_Master_Game\Super_Mario_Bros3\PlayScene.cpp(256,23): warning C4244: 'argument': conversion from 'float' to 'int', possible loss of data
C:\Users\PC\Desktop\git-game\Blaster_Master_Game\Super_Mario_Bros3\PlayScene.cpp(261,11): warning C4244: 'initializing': conversion from 'double' to 'float', possible loss of data
C:\Users\PC\Desktop\git-game\Blaster_Master_Game\Super_Mario_Bros3\PlayScene.cpp(262,11): warning C4244: 'initializing': conversion from 'double' to 'float', possible loss of data
C:\Users\PC\Desktop\git-game\Blaster_Master_Game\Super_Mario_Bros3\PlayScene.cpp(387,20): warning C4018: '<': signed/unsigned mismatch
C:\Users\PC\Desktop\git-game\Blaster_Master_Game\Super_Mario_Bros3\PlayScene.cpp(396,20): warning C4018: '<': signed/unsigned mismatch
  QuadTree.cpp
C:\Users\PC\Desktop\git-game\Blaster_Master_Game\Super_Mario_Bros3\Camera.h(13,10): warning C4244: 'return': conversion from 'float' to 'int', possible loss of data
C:\Users\PC\Desktop\git-game\Blaster_Master_Game\Super_Mario_Bros3\Camera.h(17,10): warning C4244: 'return': conversion from 'float' to 'int', possible loss of data
C:\Users\PC\Desktop\git-game\Blaster_Master_Game\Super_Mario_Bros3\Game.h(96,10): warning C4244: 'return': conversion from 'float' to 'int', possible loss of data
C:\Users\PC\Desktop\git-game\Blaster_Master_Game\Super_Mario_Bros3\Game.h(100,10): warning C4244: 'return': conversion from 'float' to 'int', possible loss of data
C:\Users\PC\Desktop\git-game\Blaster_Master_Game\Super_Mario_Bros3\Eye.h(19,1): warning C4005: 'EYE_STATE_WALKING_UP': macro redefinition
C:\Users\PC\Desktop\git-game\Blaster_Master_Game\Super_Mario_Bros3\Eye.h(15): message : see previous definition of 'EYE_STATE_WALKING_UP'
C:\Users\PC\Desktop\git-game\Blaster_Master_Game\Super_Mario_Bros3\QuadTree.cpp(84,18): warning C4244: '=': conversion from 'int' to 'float', possible loss of data
C:\Users\PC\Desktop\git-game\Blaster_Master_Game\Super_Mario_Bros3\QuadTree.cpp(85,19): warning C4244: '=': conversion from 'int' to 'float', possible loss of data
C:\Users\PC\Desktop\git-game\Blaster_Master_Game\Super_Mario_Bros3\QuadTree.cpp(201,20): warning C4018: '<': signed/unsigned mismatch
C:\Users\PC\Desktop\git-game\Blaster_Master_Game\Super_Mario_Bros3\QuadTree.cpp(241,21): warning C4018: '<': signed/unsigned mismatch
C:\Users\PC\Desktop\git-game\Blaster_Master_Game\Super_Mario_Bros3\QuadTree.cpp(243,136): warning C4244: 'argument': conversion from 'int' to 'float', possible loss of data
C:\Users\PC\Desktop\git-game\Blaster_Master_Game\Super_Mario_Bros3\QuadTree.cpp(243,95): warning C4244: 'argument': conversion from 'int' to 'float', possible loss of data
C:\Users\PC\Desktop\git-game\Blaster_Master_Game\Super_Mario_Bros3\QuadTree.cpp(243,53): warning C4244: 'argument': conversion from 'int' to 'float', possible loss of data
C:\Users\PC\Desktop\git-game\Blaster_Master_Game\Super_Mario_Bros3\QuadTree.cpp(243,47): warning C4244: 'argument': conversion from 'int' to 'float', possible loss of data
C:\Users\PC\Desktop\git-game\Blaster_Master_Game\Super_Mario_Bros3\QuadTree.cpp(248,115): warning C4244: 'argument': conversion from 'int' to 'float', possible loss of data
C:\Users\PC\Desktop\git-game\Blaster_Master_Game\Super_Mario_Bros3\QuadTree.cpp(248,74): warning C4244: 'argument': conversion from 'int' to 'float', possible loss of data
C:\Users\PC\Desktop\git-game\Blaster_Master_Game\Super_Mario_Bros3\QuadTree.cpp(248,32): warning C4244: 'argument': conversion from 'int' to 'float', possible loss of data
C:\Users\PC\Desktop\git-game\Blaster_Master_Game\Super_Mario_Bros3\QuadTree.cpp(248,26): warning C4244: 'argument': conversion from 'int' to 'float', possible loss of data
  Sprites.cpp
C:\Users\PC\Desktop\git-game\Blaster_Master_Game\Super_Mario_Bros3\Camera.h(13,10): warning C4244: 'return': conversion from 'float' to 'int', possible loss of data
C:\Users\PC\Desktop\git-game\Blaster_Master_Game\Super_Mario_Bros3\Camera.h(17,10): warning C4244: 'return': conversion from 'float' to 'int', possible loss of data
C:\Users\PC\Desktop\git-game\Blaster_Master_Game\Super_Mario_Bros3\Eye.h(19,1): warning C4005: 'EYE_STATE_WALKING_UP': macro redefinition
C:\Users\PC\Desktop\git-game\Blaster_Master_Game\Super_Mario_Bros3\Eye.h(15): message : see previous definition of 'EYE_STATE_WALKING_UP'
C:\Users\PC\Desktop\git-game\Blaster_Master_Game\Super_Mario_Bros3\Game.h(96,10): warning C4244: 'return': conversion from 'float' to 'int', possible loss of data
C:\Users\PC\Desktop\git-game\Blaster_Master_Game\Super_Mario_Bros3\Game.h(100,10): warning C4244: 'return': conversion from 'float' to 'int', possible loss of data
  TANK_BODY.cpp
C:\Users\PC\Desktop\git-game\Blaster_Master_Game\Super_Mario_Bros3\Camera.h(13,10): warning C4244: 'return': conversion from 'float' to 'int', possible loss of data
C:\Users\PC\Desktop\git-game\Blaster_Master_Game\Super_Mario_Bros3\Camera.h(17,10): warning C4244: 'return': conversion from 'float' to 'int', possible loss of data
C:\Users\PC\Desktop\git-game\Blaster_Master_Game\Super_Mario_Bros3\Eye.h(19,1): warning C4005: 'EYE_STATE_WALKING_UP': macro redefinition
C:\Users\PC\Desktop\git-game\Blaster_Master_Game\Super_Mario_Bros3\Eye.h(15): message : see previous definition of 'EYE_STATE_WALKING_UP'
C:\Users\PC\Desktop\git-game\Blaster_Master_Game\Super_Mario_Bros3\Game.h(96,10): warning C4244: 'return': conversion from 'float' to 'int', possible loss of data
C:\Users\PC\Desktop\git-game\Blaster_Master_Game\Super_Mario_Bros3\Game.h(100,10): warning C4244: 'return': conversion from 'float' to 'int', possible loss of data
  TankParts.cpp
C:\Users\PC\Desktop\git-game\Blaster_Master_Game\Super_Mario_Bros3\Camera.h(13,10): warning C4244: 'return': conversion from 'float' to 'int', possible loss of data
C:\Users\PC\Desktop\git-game\Blaster_Master_Game\Super_Mario_Bros3\Camera.h(17,10): warning C4244: 'return': conversion from 'float' to 'int', possible loss of data
C:\Users\PC\Desktop\git-game\Blaster_Master_Game\Super_Mario_Bros3\Game.h(96,10): warning C4244: 'return': conversion from 'float' to 'int', possible loss of data
C:\Users\PC\Desktop\git-game\Blaster_Master_Game\Super_Mario_Bros3\Game.h(100,10): warning C4244: 'return': conversion from 'float' to 'int', possible loss of data
C:\Users\PC\Desktop\git-game\Blaster_Master_Game\Super_Mario_Bros3\Eye.h(19,1): warning C4005: 'EYE_STATE_WALKING_UP': macro redefinition
C:\Users\PC\Desktop\git-game\Blaster_Master_Game\Super_Mario_Bros3\Eye.h(15): message : see previous definition of 'EYE_STATE_WALKING_UP'
  Textures.cpp
C:\Users\PC\Desktop\git-game\Blaster_Master_Game\Super_Mario_Bros3\Camera.h(13,10): warning C4244: 'return': conversion from 'float' to 'int', possible loss of data
C:\Users\PC\Desktop\git-game\Blaster_Master_Game\Super_Mario_Bros3\Camera.h(17,10): warning C4244: 'return': conversion from 'float' to 'int', possible loss of data
C:\Users\PC\Desktop\git-game\Blaster_Master_Game\Super_Mario_Bros3\Eye.h(19,1): warning C4005: 'EYE_STATE_WALKING_UP': macro redefinition
C:\Users\PC\Desktop\git-game\Blaster_Master_Game\Super_Mario_Bros3\Eye.h(15): message : see previous definition of 'EYE_STATE_WALKING_UP'
C:\Users\PC\Desktop\git-game\Blaster_Master_Game\Super_Mario_Bros3\Game.h(96,10): warning C4244: 'return': conversion from 'float' to 'int', possible loss of data
C:\Users\PC\Desktop\git-game\Blaster_Master_Game\Super_Mario_Bros3\Game.h(100,10): warning C4244: 'return': conversion from 'float' to 'int', possible loss of data
  main.cpp
C:\Users\PC\Desktop\git-game\Blaster_Master_Game\Super_Mario_Bros3\Camera.h(13,10): warning C4244: 'return': conversion from 'float' to 'int', possible loss of data
C:\Users\PC\Desktop\git-game\Blaster_Master_Game\Super_Mario_Bros3\Camera.h(17,10): warning C4244: 'return': conversion from 'float' to 'int', possible loss of data
C:\Users\PC\Desktop\git-game\Blaster_Master_Game\Super_Mario_Bros3\Eye.h(19,1): warning C4005: 'EYE_STATE_WALKING_UP': macro redefinition
C:\Users\PC\Desktop\git-game\Blaster_Master_Game\Super_Mario_Bros3\Eye.h(15): message : see previous definition of 'EYE_STATE_WALKING_UP'
C:\Users\PC\Desktop\git-game\Blaster_Master_Game\Super_Mario_Bros3\Game.h(96,10): warning C4244: 'return': conversion from 'float' to 'int', possible loss of data
C:\Users\PC\Desktop\git-game\Blaster_Master_Game\Super_Mario_Bros3\Game.h(100,10): warning C4244: 'return': conversion from 'float' to 'int', possible loss of data
  Generating Code...
  Super_Mario_Bros3.vcxproj -> C:\Users\PC\Desktop\git-game\Blaster_Master_Game\Debug\Blaster Master.exe
